<?xml version="1.0" encoding="UTF-8"?>
<!-- Generated by org.testng.reporters.JUnitReportReporter -->
<testsuite skipped="0" hostname="XiaomiNorebook" name="test.java.YandexDiskTests.SmokeTest" tests="1" failures="0" timestamp="2020-03-10T00:01:50 MSK" time="11.154" errors="0">
  <testcase name="yandexDiscSmokeTest" time="11.154" classname="test.java.YandexDiskTests.SmokeTest"/>
</testsuite> <!-- test.java.YandexDiskTests.SmokeTest -->
