<?xml version="1.0" encoding="UTF-8"?>
<!-- Generated by org.testng.reporters.JUnitReportReporter -->
<testsuite skipped="0" hostname="XiaomiNorebook" name="test.java.YandexDiskTests.SmokeTest" tests="1" failures="0" timestamp="2020-03-05T00:03:33 MSK" time="14.550" errors="0">
  <testcase name="yandexDiscSmokeTest" time="14.550" classname="test.java.YandexDiskTests.SmokeTest"/>
</testsuite> <!-- test.java.YandexDiskTests.SmokeTest -->
